2021-01-12 12:25:15,592 [Worker-5: Loading available Gradle versions] INFO  o.e.b.c.i.u.g.PublishedGradleVersions - Gradle version information cache is up-to-date. Trying to read.
2021-01-12 12:32:08,956 [Worker-45: reload maven project] ERROR o.e.m.c.i.p.r.ProjectRegistryManager - Failed to read Maven project: Some problems were encountered while processing the POMs:
[FATAL] Non-resolvable parent POM for eclipse.jdt.core:eclipse.jdt.core:4.19.0-SNAPSHOT: Could not find artifact org.eclipse:eclipse-platform-parent:pom:4.19.0-SNAPSHOT and 'parent.relativePath' points at wrong local POM @ eclipse.jdt.core:eclipse.jdt.core:4.19.0-SNAPSHOT, /Users/malinda/Documents/Research_Topic_2/eclipse_2020_10_3_new/jdt-master/git/eclipse.jdt.core/pom.xml, line 15, column 11

org.apache.maven.project.ProjectBuildingException: Some problems were encountered while processing the POMs:
[FATAL] Non-resolvable parent POM for eclipse.jdt.core:eclipse.jdt.core:4.19.0-SNAPSHOT: Could not find artifact org.eclipse:eclipse-platform-parent:pom:4.19.0-SNAPSHOT and 'parent.relativePath' points at wrong local POM @ eclipse.jdt.core:eclipse.jdt.core:4.19.0-SNAPSHOT, /Users/malinda/Documents/Research_Topic_2/eclipse_2020_10_3_new/jdt-master/git/eclipse.jdt.core/pom.xml, line 15, column 11

	at org.eclipse.m2e.core.internal.embedder.MavenImpl.readMavenProjects(MavenImpl.java:676)
	at org.eclipse.m2e.core.internal.project.registry.ProjectRegistryManager.lambda$13(ProjectRegistryManager.java:870)
	at org.eclipse.m2e.core.internal.embedder.MavenExecutionContext.executeBare(MavenExecutionContext.java:179)
	at org.eclipse.m2e.core.internal.embedder.MavenExecutionContext.execute(MavenExecutionContext.java:153)
	at org.eclipse.m2e.core.internal.embedder.MavenExecutionContext.execute(MavenExecutionContext.java:101)
	at org.eclipse.m2e.core.internal.project.registry.ProjectRegistryManager.execute(ProjectRegistryManager.java:1027)
	at org.eclipse.m2e.core.internal.project.registry.ProjectRegistryManager.readProjectsWithDependencies(ProjectRegistryManager.java:866)
	at org.eclipse.m2e.core.internal.project.registry.ProjectRegistryManager.create(ProjectRegistryManager.java:210)
	at org.eclipse.m2e.core.internal.project.registry.MavenProjectManager.create(MavenProjectManager.java:81)
	at org.eclipse.m2e.core.ui.internal.actions.SelectionUtil.getMavenProject(SelectionUtil.java:259)
	at org.eclipse.m2e.editor.pom.MavenPomEditor.readMavenProject(MavenPomEditor.java:634)
	at org.eclipse.m2e.editor.pom.MavenPomEditor$3.run(MavenPomEditor.java:938)
	at org.eclipse.core.internal.jobs.Worker.run(Worker.java:63)
2021-01-12 12:32:39,595 [main] INFO  o.e.m2e.actions.ExecutePomAction - Creating new launch configuration
2021-01-12 12:33:04,073 [Worker-53: Launching org.eclipse.jdt.core] INFO  o.e.m.i.launch.MavenLaunchDelegate - /Users/malinda/Documents/Research_Topic_2/eclipse_2020_10_3_new/jdt-master/git/eclipse.jdt.core/org.eclipse.jdt.core
2021-01-12 12:33:04,074 [Worker-53: Launching org.eclipse.jdt.core] INFO  o.e.m.i.launch.MavenLaunchDelegate -  mvn -B 
